Using pre-set license
Built from '2020.3/staging' branch; Version is '2020.3.24f1 (79c78de19888) revision 7980941'; Using compiler version '192528614'; Build Type 'Release'
OS: 'Windows 11  (10.0.22621) 64bit Core' Language: 'en' Physical Memory: 32525 MB
BatchMode: 1, IsHumanControllingUs: 0, StartBugReporterOnCrash: 0, Is64bit: 1, IsPro: 0

COMMAND LINE ARGUMENTS:
C:\Program Files\Unity\Hub\Editor\2020.3.24f1\Editor\Unity.exe
-adb2
-batchMode
-noUpm
-name
AssetImportWorker0
-projectPath
C:/Users/bensk/Documents/git/portfolio/Projects/Games/bullethell
-logFile
Logs/AssetImportWorker0.log
-srvPort
63376
Successfully changed project path to: C:/Users/bensk/Documents/git/portfolio/Projects/Games/bullethell
C:/Users/bensk/Documents/git/portfolio/Projects/Games/bullethell
Using Asset Import Pipeline V2.
Refreshing native plugins compatible for Editor in 41.05 ms, found 2 plugins.
Preloading 0 native plugins for Editor in 0.00 ms.
Initialize engine version: 2020.3.24f1 (79c78de19888)
[Subsystems] Discovering subsystems at path C:/Program Files/Unity/Hub/Editor/2020.3.24f1/Editor/Data/Resources/UnitySubsystems
[Subsystems] Discovering subsystems at path C:/Users/bensk/Documents/git/portfolio/Projects/Games/bullethell/Assets
GfxDevice: creating device client; threaded=0
Direct3D:
    Version:  Direct3D 11.0 [level 11.1]
    Renderer: NVIDIA GeForce RTX 3090 (ID=0x2204)
    Vendor:   
    VRAM:     24348 MB
    Driver:   31.0.15.1694
Initialize mono
Mono path[0] = 'C:/Program Files/Unity/Hub/Editor/2020.3.24f1/Editor/Data/Managed'
Mono path[1] = 'C:/Program Files/Unity/Hub/Editor/2020.3.24f1/Editor/Data/MonoBleedingEdge/lib/mono/unityjit'
Mono config path = 'C:/Program Files/Unity/Hub/Editor/2020.3.24f1/Editor/Data/MonoBleedingEdge/etc'
Using monoOptions --debugger-agent=transport=dt_socket,embedding=1,server=y,suspend=n,address=127.0.0.1:56288
Begin MonoManager ReloadAssembly
Registering precompiled unity dll's ...
Register platform support module: C:/Program Files/Unity/Hub/Editor/2020.3.24f1/Editor/Data/PlaybackEngines/WindowsStandaloneSupport/UnityEditor.WindowsStandalone.Extensions.dll
Registered in 0.000858 seconds.
Native extension for WindowsStandalone target not found
Refreshing native plugins compatible for Editor in 39.20 ms, found 2 plugins.
Preloading 0 native plugins for Editor in 0.00 ms.
Mono: successfully reloaded assembly
- Completed reload, in  0.330 seconds
Domain Reload Profiling:
	ReloadAssembly (330ms)
		BeginReloadAssembly (27ms)
			ExecutionOrderSort (0ms)
			DisableScriptedObjects (0ms)
			BackupInstance (0ms)
			ReleaseScriptingObjects (0ms)
			CreateAndSetChildDomain (0ms)
		EndReloadAssembly (264ms)
			LoadAssemblies (26ms)
			RebuildTransferFunctionScriptingTraits (0ms)
			SetupTypeCache (77ms)
			ReleaseScriptCaches (0ms)
			RebuildScriptCaches (16ms)
			SetupLoadedEditorAssemblies (110ms)
				LogAssemblyErrors (0ms)
				InitializePlatformSupportModulesInManaged (2ms)
				SetLoadedEditorAssemblies (0ms)
				RefreshPlugins (39ms)
				BeforeProcessingInitializeOnLoad (10ms)
				ProcessInitializeOnLoadAttributes (43ms)
				ProcessInitializeOnLoadMethodAttributes (15ms)
				AfterProcessingInitializeOnLoad (0ms)
				EditorAssembliesLoaded (0ms)
			ExecutionOrderSort2 (0ms)
			AwakeInstancesAfterBackupRestoration (0ms)
Platform modules already initialized, skipping
Registering precompiled user dll's ...
Registered in 0.002769 seconds.
Begin MonoManager ReloadAssembly
Native extension for WindowsStandalone target not found
Refreshing native plugins compatible for Editor in 40.17 ms, found 2 plugins.
Preloading 0 native plugins for Editor in 0.00 ms.
Mono: successfully reloaded assembly
- Completed reload, in  0.619 seconds
Domain Reload Profiling:
	ReloadAssembly (619ms)
		BeginReloadAssembly (74ms)
			ExecutionOrderSort (0ms)
			DisableScriptedObjects (3ms)
			BackupInstance (0ms)
			ReleaseScriptingObjects (0ms)
			CreateAndSetChildDomain (12ms)
		EndReloadAssembly (513ms)
			LoadAssemblies (46ms)
			RebuildTransferFunctionScriptingTraits (0ms)
			SetupTypeCache (167ms)
			ReleaseScriptCaches (0ms)
			RebuildScriptCaches (28ms)
			SetupLoadedEditorAssemblies (206ms)
				LogAssemblyErrors (0ms)
				InitializePlatformSupportModulesInManaged (2ms)
				SetLoadedEditorAssemblies (0ms)
				RefreshPlugins (40ms)
				BeforeProcessingInitializeOnLoad (48ms)
				ProcessInitializeOnLoadAttributes (107ms)
				ProcessInitializeOnLoadMethodAttributes (5ms)
				AfterProcessingInitializeOnLoad (3ms)
				EditorAssembliesLoaded (0ms)
			ExecutionOrderSort2 (0ms)
			AwakeInstancesAfterBackupRestoration (3ms)
Platform modules already initialized, skipping
========================================================================
Worker process is ready to serve import requests
Launched and connected shader compiler UnityShaderCompiler.exe after 0.04 seconds
Refreshing native plugins compatible for Editor in 0.53 ms, found 2 plugins.
Preloading 0 native plugins for Editor in 0.00 ms.
Unloading 2884 Unused Serialized files (Serialized files now loaded: 0)
System memory in use before: 220.6 MB.
System memory in use after: 220.8 MB.

Unloading 20 unused Assets to reduce memory usage. Loaded Objects now: 3339.
Total: 2.157500 ms (FindLiveObjects: 0.184600 ms CreateObjectMapping: 0.054600 ms MarkObjects: 1.835600 ms  DeleteObjects: 0.081600 ms)

AssetImportParameters requested are different than current active one (requested -> active):
  custom:framework-win-MediaFoundation: 216162199b28c13a410421893ffa2e32 -> 
  custom:video-decoder-ogg-theora: a1e56fd34408186e4bbccfd4996cb3dc -> 
  custom:container-muxer-webm: aa71ff27fc2769a1b78a27578f13a17b -> 
  custom:container-demuxer-webm: 4f35f7cbe854078d1ac9338744f61a02 -> 
  custom:container-demuxer-ogg: 62fdf1f143b41e24485cea50d1cbac27 -> 
  custom:video-encoder-webm-vp8: eb34c28f22e8b96e1ab97ce403110664 -> 
  custom:video-codec-MediaFoundation-h265: 746d11721c4dcdbdad8f713fa42b33f4 -> 
  custom:video-decoder-webm-vp8: 9c59270c3fd7afecdb556c50c9e8de78 -> 
  custom:audio-decoder-ogg-vorbis: bf7c407c2cedff20999df2af8eb42d56 -> 
  custom:audio-encoder-webm-vorbis: bf7c407c2cedff20999df2af8eb42d56 -> 
========================================================================
Received Import Request.
  path: Assets/Assets/3d models/broom.obj
  artifactKey: Guid(cb5e5f485a901284b915f87014b02e3a) Importer(815301076,1909f56bfc062723c751e8b465ee728b)
Start importing Assets/Assets/3d models/broom.obj using Guid(cb5e5f485a901284b915f87014b02e3a) Importer(815301076,1909f56bfc062723c751e8b465ee728b)  -> (artifact id: 'ea2de60909ffdc068eefb17e891612f2') in 0.195908 seconds 
  Import took 0.199115 seconds .

========================================================================
Received Import Request.
  Time since last request: 8.518706 seconds.
  path: Assets/Assets/icons
  artifactKey: Guid(a3fc8a71010a1c3468bed366fbac7940) Importer(815301076,1909f56bfc062723c751e8b465ee728b)
Start importing Assets/Assets/icons using Guid(a3fc8a71010a1c3468bed366fbac7940) Importer(815301076,1909f56bfc062723c751e8b465ee728b)  -> (artifact id: 'e8364ca2b328bc8cfa677279713217b9') in 0.015311 seconds 
  Import took 0.018256 seconds .

========================================================================
Received Import Request.
  Time since last request: 14.030926 seconds.
  path: Assets/Assets/bullet/enemybullet.prefab
  artifactKey: Guid(0c9fc05b30bc1f3449a9cf500c2e1e4d) Importer(815301076,1909f56bfc062723c751e8b465ee728b)
Start importing Assets/Assets/bullet/enemybullet.prefab using Guid(0c9fc05b30bc1f3449a9cf500c2e1e4d) Importer(815301076,1909f56bfc062723c751e8b465ee728b)  -> (artifact id: '6b840a03cd6171d5ec0d4fb84332ff8d') in 0.021671 seconds 
  Import took 0.025081 seconds .

========================================================================
Received Import Request.
  Time since last request: 33.104022 seconds.
  path: Assets/Assets/enemies/broom/outUV.png
  artifactKey: Guid(4e84c3035812d8f4fb6692f38204e014) Importer(815301076,1909f56bfc062723c751e8b465ee728b)
Start importing Assets/Assets/enemies/broom/outUV.png using Guid(4e84c3035812d8f4fb6692f38204e014) Importer(815301076,1909f56bfc062723c751e8b465ee728b)  -> (artifact id: '6e6281476f8859c3cb1ff4492ae92942') in 0.015166 seconds 
  Import took 0.018477 seconds .

========================================================================
Received Import Request.
  Time since last request: 26.436098 seconds.
  path: Assets/Scenes/enemy test map.unity
  artifactKey: Guid(6ff41a8a7b8e12f428485f6f1d3fc034) Importer(815301076,1909f56bfc062723c751e8b465ee728b)
Start importing Assets/Scenes/enemy test map.unity using Guid(6ff41a8a7b8e12f428485f6f1d3fc034) Importer(815301076,1909f56bfc062723c751e8b465ee728b)  -> (artifact id: 'd3e5c095eb9ab2b3e306eaf443a910da') in 0.006690 seconds 
  Import took 0.010136 seconds .

========================================================================
Received Import Request.
  Time since last request: 24.015545 seconds.
  path: Assets/Assets/enemies/broom/Materials
  artifactKey: Guid(11a1e010c0c7b174bb322a1e1b14bd8a) Importer(815301076,1909f56bfc062723c751e8b465ee728b)
Start importing Assets/Assets/enemies/broom/Materials using Guid(11a1e010c0c7b174bb322a1e1b14bd8a) Importer(815301076,1909f56bfc062723c751e8b465ee728b)  -> (artifact id: 'd0be5c7c71e305038e834c3a8055af81') in 0.004394 seconds 
  Import took 0.018960 seconds .

========================================================================
Received Import Request.
  Time since last request: 0.174104 seconds.
  path: Assets/Assets/enemies/broom/Materials/outUV.mat
  artifactKey: Guid(81dd2e6e2acd7dc4585b9160e91f94c1) Importer(815301076,1909f56bfc062723c751e8b465ee728b)
Start importing Assets/Assets/enemies/broom/Materials/outUV.mat using Guid(81dd2e6e2acd7dc4585b9160e91f94c1) Importer(815301076,1909f56bfc062723c751e8b465ee728b)  -> (artifact id: '2b39e36700429fbb778d7286d96b6fb2') in 0.034126 seconds 
  Import took 0.037316 seconds .

========================================================================
Received Import Request.
  Time since last request: 46.147517 seconds.
  path: Assets/Assets/enemies/broom/broom.mtl
  artifactKey: Guid(59832bca46612724bac96a954fbbdf5b) Importer(815301076,1909f56bfc062723c751e8b465ee728b)
Start importing Assets/Assets/enemies/broom/broom.mtl using Guid(59832bca46612724bac96a954fbbdf5b) Importer(815301076,1909f56bfc062723c751e8b465ee728b)  -> (artifact id: '401447e0ac28018e0ae9c6e6de2f10ae') in 0.003252 seconds 
  Import took 0.017857 seconds .

========================================================================
Received Import Request.
  Time since last request: 56.472269 seconds.
  path: Assets/Assets/enemies/broom/New Material.mat
  artifactKey: Guid(a5d20cbd16107e34785b51948ad79199) Importer(815301076,1909f56bfc062723c751e8b465ee728b)
Start importing Assets/Assets/enemies/broom/New Material.mat using Guid(a5d20cbd16107e34785b51948ad79199) Importer(815301076,1909f56bfc062723c751e8b465ee728b)  -> (artifact id: '6a3e35127c57bd7cc12911d25f701862') in 0.008739 seconds 
  Import took 0.011920 seconds .

========================================================================
Received Import Request.
  Time since last request: 7.456948 seconds.
  path: Assets/Assets/enemies/broom/New Material.mat
  artifactKey: Guid(a5d20cbd16107e34785b51948ad79199) Importer(815301076,1909f56bfc062723c751e8b465ee728b)
Start importing Assets/Assets/enemies/broom/New Material.mat using Guid(a5d20cbd16107e34785b51948ad79199) Importer(815301076,1909f56bfc062723c751e8b465ee728b)  -> (artifact id: '8105b08bbfc7413763b4ee216b6d7f5f') in 0.014575 seconds 
  Import took 0.017546 seconds .

========================================================================
Received Import Request.
  Time since last request: 7.350910 seconds.
  path: Assets/Assets/enemies/broom/Materials/outUV.mat
  artifactKey: Guid(81dd2e6e2acd7dc4585b9160e91f94c1) Importer(815301076,1909f56bfc062723c751e8b465ee728b)
Start importing Assets/Assets/enemies/broom/Materials/outUV.mat using Guid(81dd2e6e2acd7dc4585b9160e91f94c1) Importer(815301076,1909f56bfc062723c751e8b465ee728b)  -> (artifact id: '8896412df561808bffb90fa51ed92afe') in 0.007961 seconds 
  Import took 0.011108 seconds .

========================================================================
Received Import Request.
  Time since last request: 213.849940 seconds.
  path: Assets/Assets/3d models/broom.fbx
  artifactKey: Guid(723cc21f5c17d364c9e0733f88fd757a) Importer(815301076,1909f56bfc062723c751e8b465ee728b)
Start importing Assets/Assets/3d models/broom.fbx using Guid(723cc21f5c17d364c9e0733f88fd757a) Importer(815301076,1909f56bfc062723c751e8b465ee728b)  -> (artifact id: 'a0dfb24bbc6851cf58dfcb5830f9b948') in 0.033785 seconds 
  Import took 0.038021 seconds .

========================================================================
Received Import Request.
  Time since last request: 71.322830 seconds.
  path: Assets/Assets/3d models/broom.fbx
  artifactKey: Guid(723cc21f5c17d364c9e0733f88fd757a) Importer(815301076,1909f56bfc062723c751e8b465ee728b)
Start importing Assets/Assets/3d models/broom.fbx using Guid(723cc21f5c17d364c9e0733f88fd757a) Importer(815301076,1909f56bfc062723c751e8b465ee728b)  -> (artifact id: '348c4018c513cac96d150b63be7b9b20') in 0.055516 seconds 
  Import took 0.060118 seconds .

========================================================================
Received Import Request.
  Time since last request: 0.000381 seconds.
  path: Assets/Assets/3d models/outUV.png
  artifactKey: Guid(379ae221944330845952c7708ad7198d) Importer(815301076,1909f56bfc062723c751e8b465ee728b)
Start importing Assets/Assets/3d models/outUV.png using Guid(379ae221944330845952c7708ad7198d) Importer(815301076,1909f56bfc062723c751e8b465ee728b)  -> (artifact id: '36219efdf19e41e83296e68ed241c5af') in 0.010486 seconds 
  Import took 0.014513 seconds .

AssetImportWorkerClient::OnTransportError - code=2 error=End of file
